{"total": {"lines":{"total":1117,"covered":977,"skipped":0,"pct":87.46},"statements":{"total":1164,"covered":1012,"skipped":0,"pct":86.94},"functions":{"total":155,"covered":135,"skipped":0,"pct":87.09},"branches":{"total":226,"covered":156,"skipped":0,"pct":69.02},"branchesTrue":{"total":0,"covered":0,"skipped":0,"pct":100}}
,"/Users/masadrayan/My Projects/Mother SD/Sd2 server/src/middleware/globalErrorHandler.ts": {"lines":{"total":13,"covered":13,"skipped":0,"pct":100},"functions":{"total":1,"covered":1,"skipped":0,"pct":100},"statements":{"total":13,"covered":13,"skipped":0,"pct":100},"branches":{"total":5,"covered":5,"skipped":0,"pct":100}}
,"/Users/masadrayan/My Projects/Mother SD/Sd2 server/src/middleware/usagesQuotas.ts": {"lines":{"total":20,"covered":20,"skipped":0,"pct":100},"functions":{"total":1,"covered":1,"skipped":0,"pct":100},"statements":{"total":21,"covered":21,"skipped":0,"pct":100},"branches":{"total":4,"covered":4,"skipped":0,"pct":100}}
,"/Users/masadrayan/My Projects/Mother SD/Sd2 server/src/middleware/verifyAdmin.ts": {"lines":{"total":12,"covered":12,"skipped":0,"pct":100},"functions":{"total":1,"covered":1,"skipped":0,"pct":100},"statements":{"total":13,"covered":13,"skipped":0,"pct":100},"branches":{"total":2,"covered":2,"skipped":0,"pct":100}}
,"/Users/masadrayan/My Projects/Mother SD/Sd2 server/src/middleware/verifyFBToken.ts": {"lines":{"total":21,"covered":21,"skipped":0,"pct":100},"functions":{"total":1,"covered":1,"skipped":0,"pct":100},"statements":{"total":22,"covered":22,"skipped":0,"pct":100},"branches":{"total":4,"covered":4,"skipped":0,"pct":100}}
,"/Users/masadrayan/My Projects/Mother SD/Sd2 server/src/module/analysis/analysis.controller.ts": {"lines":{"total":30,"covered":29,"skipped":0,"pct":96.66},"functions":{"total":4,"covered":4,"skipped":0,"pct":100},"statements":{"total":30,"covered":29,"skipped":0,"pct":96.66},"branches":{"total":0,"covered":0,"skipped":0,"pct":100}}
,"/Users/masadrayan/My Projects/Mother SD/Sd2 server/src/module/analysis/analysis.prompts.ts": {"lines":{"total":1,"covered":1,"skipped":0,"pct":100},"functions":{"total":1,"covered":1,"skipped":0,"pct":100},"statements":{"total":3,"covered":3,"skipped":0,"pct":100},"branches":{"total":0,"covered":0,"skipped":0,"pct":100}}
,"/Users/masadrayan/My Projects/Mother SD/Sd2 server/src/module/analysis/analysis.route.ts": {"lines":{"total":9,"covered":9,"skipped":0,"pct":100},"functions":{"total":0,"covered":0,"skipped":0,"pct":100},"statements":{"total":9,"covered":9,"skipped":0,"pct":100},"branches":{"total":0,"covered":0,"skipped":0,"pct":100}}
,"/Users/masadrayan/My Projects/Mother SD/Sd2 server/src/module/analysis/analysis.service.ts": {"lines":{"total":78,"covered":62,"skipped":0,"pct":79.48},"functions":{"total":10,"covered":7,"skipped":0,"pct":70},"statements":{"total":78,"covered":62,"skipped":0,"pct":79.48},"branches":{"total":21,"covered":13,"skipped":0,"pct":61.9}}
,"/Users/masadrayan/My Projects/Mother SD/Sd2 server/src/module/analytics/analytics.controller.ts": {"lines":{"total":14,"covered":12,"skipped":0,"pct":85.71},"functions":{"total":2,"covered":2,"skipped":0,"pct":100},"statements":{"total":14,"covered":12,"skipped":0,"pct":85.71},"branches":{"total":0,"covered":0,"skipped":0,"pct":100}}
,"/Users/masadrayan/My Projects/Mother SD/Sd2 server/src/module/analytics/analytics.route.ts": {"lines":{"total":8,"covered":8,"skipped":0,"pct":100},"functions":{"total":0,"covered":0,"skipped":0,"pct":100},"statements":{"total":8,"covered":8,"skipped":0,"pct":100},"branches":{"total":0,"covered":0,"skipped":0,"pct":100}}
,"/Users/masadrayan/My Projects/Mother SD/Sd2 server/src/module/analytics/analytics.service.ts": {"lines":{"total":19,"covered":19,"skipped":0,"pct":100},"functions":{"total":4,"covered":4,"skipped":0,"pct":100},"statements":{"total":20,"covered":20,"skipped":0,"pct":100},"branches":{"total":22,"covered":22,"skipped":0,"pct":100}}
,"/Users/masadrayan/My Projects/Mother SD/Sd2 server/src/module/behavioral/behavioral.controller.ts": {"lines":{"total":32,"covered":30,"skipped":0,"pct":93.75},"functions":{"total":5,"covered":5,"skipped":0,"pct":100},"statements":{"total":32,"covered":30,"skipped":0,"pct":93.75},"branches":{"total":5,"covered":3,"skipped":0,"pct":60}}
,"/Users/masadrayan/My Projects/Mother SD/Sd2 server/src/module/behavioral/behavioral.interface.ts": {"lines":{"total":2,"covered":2,"skipped":0,"pct":100},"functions":{"total":0,"covered":0,"skipped":0,"pct":100},"statements":{"total":2,"covered":2,"skipped":0,"pct":100},"branches":{"total":0,"covered":0,"skipped":0,"pct":100}}
,"/Users/masadrayan/My Projects/Mother SD/Sd2 server/src/module/behavioral/behavioral.prompts.ts": {"lines":{"total":2,"covered":2,"skipped":0,"pct":100},"functions":{"total":1,"covered":1,"skipped":0,"pct":100},"statements":{"total":3,"covered":3,"skipped":0,"pct":100},"branches":{"total":0,"covered":0,"skipped":0,"pct":100}}
,"/Users/masadrayan/My Projects/Mother SD/Sd2 server/src/module/behavioral/behavioral.route.ts": {"lines":{"total":9,"covered":9,"skipped":0,"pct":100},"functions":{"total":0,"covered":0,"skipped":0,"pct":100},"statements":{"total":9,"covered":9,"skipped":0,"pct":100},"branches":{"total":0,"covered":0,"skipped":0,"pct":100}}
,"/Users/masadrayan/My Projects/Mother SD/Sd2 server/src/module/behavioral/behavioral.service.ts": {"lines":{"total":61,"covered":45,"skipped":0,"pct":73.77},"functions":{"total":10,"covered":8,"skipped":0,"pct":80},"statements":{"total":62,"covered":46,"skipped":0,"pct":74.19},"branches":{"total":18,"covered":10,"skipped":0,"pct":55.55}}
,"/Users/masadrayan/My Projects/Mother SD/Sd2 server/src/module/cv/cv.controller.ts": {"lines":{"total":33,"covered":31,"skipped":0,"pct":93.93},"functions":{"total":4,"covered":4,"skipped":0,"pct":100},"statements":{"total":33,"covered":31,"skipped":0,"pct":93.93},"branches":{"total":1,"covered":0,"skipped":0,"pct":0}}
,"/Users/masadrayan/My Projects/Mother SD/Sd2 server/src/module/cv/cv.route.ts": {"lines":{"total":10,"covered":10,"skipped":0,"pct":100},"functions":{"total":0,"covered":0,"skipped":0,"pct":100},"statements":{"total":10,"covered":10,"skipped":0,"pct":100},"branches":{"total":0,"covered":0,"skipped":0,"pct":100}}
,"/Users/masadrayan/My Projects/Mother SD/Sd2 server/src/module/cv/cv.service.ts": {"lines":{"total":43,"covered":38,"skipped":0,"pct":88.37},"functions":{"total":6,"covered":5,"skipped":0,"pct":83.33},"statements":{"total":45,"covered":39,"skipped":0,"pct":86.66},"branches":{"total":7,"covered":6,"skipped":0,"pct":85.71}}
,"/Users/masadrayan/My Projects/Mother SD/Sd2 server/src/module/jobDescription/jobDescription.controller.ts": {"lines":{"total":38,"covered":36,"skipped":0,"pct":94.73},"functions":{"total":5,"covered":5,"skipped":0,"pct":100},"statements":{"total":38,"covered":36,"skipped":0,"pct":94.73},"branches":{"total":0,"covered":0,"skipped":0,"pct":100}}
,"/Users/masadrayan/My Projects/Mother SD/Sd2 server/src/module/jobDescription/jobDescription.route.ts": {"lines":{"total":10,"covered":10,"skipped":0,"pct":100},"functions":{"total":0,"covered":0,"skipped":0,"pct":100},"statements":{"total":10,"covered":10,"skipped":0,"pct":100},"branches":{"total":0,"covered":0,"skipped":0,"pct":100}}
,"/Users/masadrayan/My Projects/Mother SD/Sd2 server/src/module/jobDescription/jobDescription.service.ts": {"lines":{"total":30,"covered":30,"skipped":0,"pct":100},"functions":{"total":5,"covered":5,"skipped":0,"pct":100},"statements":{"total":30,"covered":30,"skipped":0,"pct":100},"branches":{"total":8,"covered":7,"skipped":0,"pct":87.5}}
,"/Users/masadrayan/My Projects/Mother SD/Sd2 server/src/module/notification/email.service.ts": {"lines":{"total":27,"covered":27,"skipped":0,"pct":100},"functions":{"total":3,"covered":3,"skipped":0,"pct":100},"statements":{"total":35,"covered":32,"skipped":0,"pct":91.42},"branches":{"total":11,"covered":6,"skipped":0,"pct":54.54}}
,"/Users/masadrayan/My Projects/Mother SD/Sd2 server/src/module/notification/notification.controller.ts": {"lines":{"total":18,"covered":18,"skipped":0,"pct":100},"functions":{"total":2,"covered":2,"skipped":0,"pct":100},"statements":{"total":20,"covered":20,"skipped":0,"pct":100},"branches":{"total":4,"covered":3,"skipped":0,"pct":75}}
,"/Users/masadrayan/My Projects/Mother SD/Sd2 server/src/module/notification/notification.route.ts": {"lines":{"total":8,"covered":8,"skipped":0,"pct":100},"functions":{"total":0,"covered":0,"skipped":0,"pct":100},"statements":{"total":8,"covered":8,"skipped":0,"pct":100},"branches":{"total":0,"covered":0,"skipped":0,"pct":100}}
,"/Users/masadrayan/My Projects/Mother SD/Sd2 server/src/module/notification/templates.ts": {"lines":{"total":9,"covered":9,"skipped":0,"pct":100},"functions":{"total":5,"covered":5,"skipped":0,"pct":100},"statements":{"total":12,"covered":12,"skipped":0,"pct":100},"branches":{"total":0,"covered":0,"skipped":0,"pct":100}}
,"/Users/masadrayan/My Projects/Mother SD/Sd2 server/src/module/payment/payment.controller.ts": {"lines":{"total":28,"covered":24,"skipped":0,"pct":85.71},"functions":{"total":4,"covered":4,"skipped":0,"pct":100},"statements":{"total":28,"covered":24,"skipped":0,"pct":85.71},"branches":{"total":0,"covered":0,"skipped":0,"pct":100}}
,"/Users/masadrayan/My Projects/Mother SD/Sd2 server/src/module/payment/payment.route.ts": {"lines":{"total":9,"covered":9,"skipped":0,"pct":100},"functions":{"total":0,"covered":0,"skipped":0,"pct":100},"statements":{"total":9,"covered":9,"skipped":0,"pct":100},"branches":{"total":0,"covered":0,"skipped":0,"pct":100}}
,"/Users/masadrayan/My Projects/Mother SD/Sd2 server/src/module/payment/payment.service.ts": {"lines":{"total":40,"covered":34,"skipped":0,"pct":85},"functions":{"total":6,"covered":6,"skipped":0,"pct":100},"statements":{"total":41,"covered":35,"skipped":0,"pct":85.36},"branches":{"total":9,"covered":6,"skipped":0,"pct":66.66}}
,"/Users/masadrayan/My Projects/Mother SD/Sd2 server/src/module/payment/payment.utils.ts": {"lines":{"total":25,"covered":11,"skipped":0,"pct":44},"functions":{"total":3,"covered":1,"skipped":0,"pct":33.33},"statements":{"total":27,"covered":13,"skipped":0,"pct":48.14},"branches":{"total":11,"covered":2,"skipped":0,"pct":18.18}}
,"/Users/masadrayan/My Projects/Mother SD/Sd2 server/src/module/quiz/quiz.controller.ts": {"lines":{"total":34,"covered":23,"skipped":0,"pct":67.64},"functions":{"total":5,"covered":3,"skipped":0,"pct":60},"statements":{"total":34,"covered":23,"skipped":0,"pct":67.64},"branches":{"total":7,"covered":5,"skipped":0,"pct":71.42}}
,"/Users/masadrayan/My Projects/Mother SD/Sd2 server/src/module/quiz/quiz.interface.ts": {"lines":{"total":3,"covered":3,"skipped":0,"pct":100},"functions":{"total":1,"covered":1,"skipped":0,"pct":100},"statements":{"total":3,"covered":3,"skipped":0,"pct":100},"branches":{"total":0,"covered":0,"skipped":0,"pct":100}}
,"/Users/masadrayan/My Projects/Mother SD/Sd2 server/src/module/quiz/quiz.route.ts": {"lines":{"total":9,"covered":9,"skipped":0,"pct":100},"functions":{"total":0,"covered":0,"skipped":0,"pct":100},"statements":{"total":9,"covered":9,"skipped":0,"pct":100},"branches":{"total":0,"covered":0,"skipped":0,"pct":100}}
,"/Users/masadrayan/My Projects/Mother SD/Sd2 server/src/module/quiz/quiz.service.ts": {"lines":{"total":46,"covered":46,"skipped":0,"pct":100},"functions":{"total":6,"covered":6,"skipped":0,"pct":100},"statements":{"total":49,"covered":49,"skipped":0,"pct":100},"branches":{"total":22,"covered":17,"skipped":0,"pct":77.27}}
,"/Users/masadrayan/My Projects/Mother SD/Sd2 server/src/module/readiness/readiness.controller.ts": {"lines":{"total":15,"covered":13,"skipped":0,"pct":86.66},"functions":{"total":2,"covered":2,"skipped":0,"pct":100},"statements":{"total":15,"covered":13,"skipped":0,"pct":86.66},"branches":{"total":0,"covered":0,"skipped":0,"pct":100}}
,"/Users/masadrayan/My Projects/Mother SD/Sd2 server/src/module/readiness/readiness.route.ts": {"lines":{"total":7,"covered":7,"skipped":0,"pct":100},"functions":{"total":0,"covered":0,"skipped":0,"pct":100},"statements":{"total":7,"covered":7,"skipped":0,"pct":100},"branches":{"total":0,"covered":0,"skipped":0,"pct":100}}
,"/Users/masadrayan/My Projects/Mother SD/Sd2 server/src/module/readiness/readiness.service.ts": {"lines":{"total":41,"covered":41,"skipped":0,"pct":100},"functions":{"total":9,"covered":9,"skipped":0,"pct":100},"statements":{"total":46,"covered":45,"skipped":0,"pct":97.82},"branches":{"total":12,"covered":11,"skipped":0,"pct":91.66}}
,"/Users/masadrayan/My Projects/Mother SD/Sd2 server/src/module/roadmap/roadmap.controller.ts": {"lines":{"total":45,"covered":41,"skipped":0,"pct":91.11},"functions":{"total":6,"covered":6,"skipped":0,"pct":100},"statements":{"total":45,"covered":41,"skipped":0,"pct":91.11},"branches":{"total":0,"covered":0,"skipped":0,"pct":100}}
,"/Users/masadrayan/My Projects/Mother SD/Sd2 server/src/module/roadmap/roadmap.interface.ts": {"lines":{"total":4,"covered":4,"skipped":0,"pct":100},"functions":{"total":0,"covered":0,"skipped":0,"pct":100},"statements":{"total":4,"covered":4,"skipped":0,"pct":100},"branches":{"total":0,"covered":0,"skipped":0,"pct":100}}
,"/Users/masadrayan/My Projects/Mother SD/Sd2 server/src/module/roadmap/roadmap.prompt.ts": {"lines":{"total":6,"covered":4,"skipped":0,"pct":66.66},"functions":{"total":2,"covered":1,"skipped":0,"pct":50},"statements":{"total":8,"covered":6,"skipped":0,"pct":75},"branches":{"total":0,"covered":0,"skipped":0,"pct":100}}
,"/Users/masadrayan/My Projects/Mother SD/Sd2 server/src/module/roadmap/roadmap.route.ts": {"lines":{"total":11,"covered":11,"skipped":0,"pct":100},"functions":{"total":0,"covered":0,"skipped":0,"pct":100},"statements":{"total":11,"covered":11,"skipped":0,"pct":100},"branches":{"total":0,"covered":0,"skipped":0,"pct":100}}
,"/Users/masadrayan/My Projects/Mother SD/Sd2 server/src/module/roadmap/roadmap.service.ts": {"lines":{"total":133,"covered":93,"skipped":0,"pct":69.92},"functions":{"total":24,"covered":17,"skipped":0,"pct":70.83},"statements":{"total":143,"covered":96,"skipped":0,"pct":67.13},"branches":{"total":41,"covered":21,"skipped":0,"pct":51.21}}
,"/Users/masadrayan/My Projects/Mother SD/Sd2 server/src/module/user/user.controller.ts": {"lines":{"total":40,"covered":29,"skipped":0,"pct":72.5},"functions":{"total":6,"covered":4,"skipped":0,"pct":66.66},"statements":{"total":40,"covered":29,"skipped":0,"pct":72.5},"branches":{"total":2,"covered":0,"skipped":0,"pct":0}}
,"/Users/masadrayan/My Projects/Mother SD/Sd2 server/src/module/user/user.route.ts": {"lines":{"total":12,"covered":12,"skipped":0,"pct":100},"functions":{"total":0,"covered":0,"skipped":0,"pct":100},"statements":{"total":12,"covered":12,"skipped":0,"pct":100},"branches":{"total":0,"covered":0,"skipped":0,"pct":100}}
,"/Users/masadrayan/My Projects/Mother SD/Sd2 server/src/module/user/user.service.ts": {"lines":{"total":32,"covered":32,"skipped":0,"pct":100},"functions":{"total":6,"covered":6,"skipped":0,"pct":100},"statements":{"total":32,"covered":32,"skipped":0,"pct":100},"branches":{"total":4,"covered":4,"skipped":0,"pct":100}}
,"/Users/masadrayan/My Projects/Mother SD/Sd2 server/src/utils/AppError.ts": {"lines":{"total":3,"covered":3,"skipped":0,"pct":100},"functions":{"total":1,"covered":1,"skipped":0,"pct":100},"statements":{"total":3,"covered":3,"skipped":0,"pct":100},"branches":{"total":0,"covered":0,"skipped":0,"pct":100}}
,"/Users/masadrayan/My Projects/Mother SD/Sd2 server/src/utils/sendResponse.ts": {"lines":{"total":3,"covered":3,"skipped":0,"pct":100},"functions":{"total":1,"covered":1,"skipped":0,"pct":100},"statements":{"total":3,"covered":3,"skipped":0,"pct":100},"branches":{"total":6,"covered":5,"skipped":0,"pct":83.33}}
,"/Users/masadrayan/My Projects/Mother SD/Sd2 server/tests/utils/createTestApp.ts": {"lines":{"total":9,"covered":9,"skipped":0,"pct":100},"functions":{"total":2,"covered":2,"skipped":0,"pct":100},"statements":{"total":10,"covered":10,"skipped":0,"pct":100},"branches":{"total":0,"covered":0,"skipped":0,"pct":100}}
,"/Users/masadrayan/My Projects/Mother SD/Sd2 server/tests/utils/fixtures.ts": {"lines":{"total":5,"covered":5,"skipped":0,"pct":100},"functions":{"total":0,"covered":0,"skipped":0,"pct":100},"statements":{"total":5,"covered":5,"skipped":0,"pct":100},"branches":{"total":0,"covered":0,"skipped":0,"pct":100}}
}
