TN:
SF:src/middleware/globalErrorHandler.ts
FN:6,(anonymous_1)
FNF:1
FNH:1
FNDA:11,(anonymous_1)
DA:1,2
DA:2,2
DA:4,2
DA:6,2
DA:12,11
DA:13,2
DA:14,1
DA:16,1
DA:19,9
DA:20,6
DA:23,3
DA:24,3
DA:27,2
LF:13
LH:13
BRDA:12,0,0,2
BRDA:13,1,0,1
BRDA:19,2,0,6
BRDA:23,3,0,1
BRDA:23,3,1,2
BRF:5
BRH:5
end_of_record
TN:
SF:src/middleware/usagesQuotas.ts
FN:7,(anonymous_1)
FNF:1
FNH:1
FNDA:6,(anonymous_1)
DA:2,1
DA:3,1
DA:5,1
DA:7,1
DA:12,6
DA:14,6
DA:15,1
DA:18,5
DA:19,5
DA:21,5
DA:25,4
DA:26,1
DA:36,4
DA:37,1
DA:47,4
DA:48,1
DA:54,1
DA:58,3
DA:65,3
DA:67,1
LF:20
LH:20
BRDA:14,0,0,1
BRDA:25,1,0,1
BRDA:36,2,0,1
BRDA:47,3,0,1
BRF:4
BRH:4
end_of_record
TN:
SF:src/middleware/verifyAdmin.ts
FN:5,(anonymous_1)
FNF:1
FNH:1
FNDA:4,(anonymous_1)
DA:2,1
DA:3,1
DA:5,1
DA:10,4
DA:12,4
DA:13,1
DA:14,1
DA:17,3
DA:23,3
DA:24,2
DA:25,2
DA:27,1
LF:12
LH:12
BRDA:12,0,0,1
BRDA:23,1,0,2
BRF:2
BRH:2
end_of_record
TN:
SF:src/middleware/verifyFBToken.ts
FN:6,(anonymous_1)
FNF:1
FNH:1
FNDA:4,(anonymous_1)
DA:2,1
DA:3,1
DA:4,1
DA:6,1
DA:11,4
DA:13,4
DA:14,1
DA:15,1
DA:18,3
DA:20,3
DA:21,3
DA:22,2
DA:24,2
DA:34,2
DA:35,1
DA:36,1
DA:39,1
DA:46,1
DA:48,1
DA:49,1
DA:50,1
LF:21
LH:21
BRDA:13,0,0,1
BRDA:13,1,0,4
BRDA:13,1,1,3
BRDA:34,2,0,1
BRF:4
BRH:4
end_of_record
TN:
SF:src/module/analysis/analysis.controller.ts
FN:6,(anonymous_1)
FN:21,(anonymous_2)
FN:35,(anonymous_3)
FN:50,(anonymous_4)
FNF:4
FNH:4
FNDA:3,(anonymous_1)
FNDA:1,(anonymous_2)
FNDA:2,(anonymous_3)
FNDA:2,(anonymous_4)
DA:2,1
DA:3,1
DA:6,1
DA:11,3
DA:12,3
DA:13,3
DA:14,3
DA:15,1
DA:17,2
DA:21,1
DA:26,1
DA:27,1
DA:28,1
DA:29,1
DA:31,0
DA:35,1
DA:40,2
DA:41,2
DA:42,2
DA:43,2
DA:44,1
DA:46,1
DA:50,1
DA:55,2
DA:56,2
DA:57,2
DA:58,2
DA:59,1
DA:61,1
DA:65,1
LF:30
LH:29
BRF:0
BRH:0
end_of_record
TN:
SF:src/module/analysis/analysis.prompts.ts
FN:1,(anonymous_0)
FNF:1
FNH:1
FNDA:3,(anonymous_0)
DA:1,3
LF:1
LH:1
BRF:0
BRH:0
end_of_record
TN:
SF:src/module/analysis/analysis.route.ts
FNF:0
FNH:0
DA:1,1
DA:2,1
DA:3,1
DA:6,1
DA:8,1
DA:9,1
DA:10,1
DA:11,1
DA:13,1
LF:9
LH:9
BRF:0
BRH:0
end_of_record
TN:
SF:src/module/analysis/analysis.service.ts
FN:40,(anonymous_1)
FN:72,(anonymous_2)
FN:99,(anonymous_3)
FN:123,(anonymous_4)
FN:134,(anonymous_5)
FN:165,(anonymous_6)
FN:222,(anonymous_7)
FN:232,(anonymous_8)
FN:250,(anonymous_9)
FN:263,(anonymous_10)
FNF:10
FNH:7
FNDA:3,(anonymous_1)
FNDA:3,(anonymous_2)
FNDA:0,(anonymous_3)
FNDA:0,(anonymous_4)
FNDA:4,(anonymous_5)
FNDA:11,(anonymous_6)
FNDA:0,(anonymous_7)
FNDA:2,(anonymous_8)
FNDA:4,(anonymous_9)
FNDA:4,(anonymous_10)
DA:1,2
DA:2,2
DA:3,2
DA:4,2
DA:5,2
DA:6,2
DA:14,2
DA:18,2
DA:21,2
DA:27,2
DA:40,2
DA:41,3
DA:43,3
DA:44,3
DA:49,0
DA:50,0
DA:51,0
DA:52,0
DA:58,0
DA:59,0
DA:60,0
DA:61,0
DA:62,0
DA:68,0
DA:72,2
DA:77,3
DA:78,3
DA:91,0
DA:102,0
DA:108,3
DA:109,3
DA:110,3
DA:111,0
DA:124,0
DA:130,3
DA:134,2
DA:135,4
DA:136,4
DA:140,4
DA:141,2
DA:142,2
DA:151,2
DA:152,0
DA:161,2
DA:165,2
DA:169,11
DA:171,11
DA:172,4
DA:176,7
DA:181,7
DA:182,1
DA:184,6
DA:185,1
DA:188,5
DA:193,5
DA:194,4
DA:195,4
DA:196,2
DA:203,3
DA:205,3
DA:216,3
DA:217,2
DA:224,0
DA:228,3
DA:232,2
DA:235,2
DA:246,2
DA:250,2
DA:254,4
DA:257,4
DA:258,2
DA:260,2
DA:263,2
DA:264,4
DA:268,4
DA:269,2
DA:271,2
DA:274,2
LF:78
LH:62
BRDA:15,0,0,2
BRDA:15,0,1,2
BRDA:50,1,0,0
BRDA:60,2,0,0
BRDA:60,3,0,0
BRDA:60,3,1,0
BRDA:95,4,0,0
BRDA:95,4,1,0
BRDA:110,5,0,0
BRDA:140,6,0,2
BRDA:151,7,0,0
BRDA:171,8,0,4
BRDA:171,9,0,11
BRDA:171,9,1,8
BRDA:181,10,0,1
BRDA:184,11,0,1
BRDA:193,12,0,4
BRDA:195,13,0,2
BRDA:216,14,0,2
BRDA:257,15,0,2
BRDA:268,16,0,2
BRF:21
BRH:13
end_of_record
TN:
SF:src/module/analytics/analytics.controller.ts
FN:5,(anonymous_1)
FN:15,(anonymous_2)
FNF:2
FNH:2
FNDA:2,(anonymous_1)
FNDA:2,(anonymous_2)
DA:2,1
DA:3,1
DA:5,1
DA:6,2
DA:7,2
DA:8,2
DA:9,2
DA:11,0
DA:15,1
DA:16,2
DA:17,2
DA:18,2
DA:20,0
DA:24,1
LF:14
LH:12
BRF:0
BRH:0
end_of_record
TN:
SF:src/module/analytics/analytics.route.ts
FNF:0
FNH:0
DA:1,1
DA:2,1
DA:3,1
DA:4,1
DA:6,1
DA:8,1
DA:9,1
DA:11,1
LF:8
LH:8
BRF:0
BRH:0
end_of_record
TN:
SF:src/module/analytics/analytics.service.ts
FN:3,(anonymous_0)
FN:82,(anonymous_1)
FN:151,(anonymous_2)
FN:162,(anonymous_3)
FNF:4
FNH:4
FNDA:6,(anonymous_0)
FNDA:5,(anonymous_1)
FNDA:3,(anonymous_2)
FNDA:4,(anonymous_3)
DA:1,2
DA:3,2
DA:15,6
DA:47,6
DA:49,6
DA:82,2
DA:83,5
DA:84,5
DA:85,5
DA:100,5
DA:144,5
DA:146,5
DA:147,5
DA:148,3
DA:149,3
DA:151,5
DA:156,5
DA:162,4
DA:172,2
LF:19
LH:19
BRDA:47,0,0,2
BRDA:47,0,1,4
BRDA:50,1,0,2
BRDA:50,1,1,4
BRDA:59,2,0,6
BRDA:59,2,1,5
BRDA:61,3,0,6
BRDA:61,3,1,5
BRDA:63,4,0,1
BRDA:63,4,1,5
BRDA:75,5,0,2
BRDA:75,5,1,4
BRDA:78,6,0,6
BRDA:78,6,1,5
BRDA:144,7,0,3
BRDA:144,7,1,2
BRDA:149,8,0,3
BRDA:149,8,1,3
BRDA:157,9,0,5
BRDA:157,9,1,3
BRDA:159,10,0,5
BRDA:159,10,1,3
BRF:22
BRH:22
end_of_record
TN:
SF:src/module/behavioral/behavioral.controller.ts
FN:7,(anonymous_1)
FN:31,(anonymous_2)
FN:44,(anonymous_3)
FN:53,(anonymous_4)
FN:71,(anonymous_5)
FNF:5
FNH:5
FNDA:2,(anonymous_1)
FNDA:2,(anonymous_2)
FNDA:3,(anonymous_3)
FNDA:1,(anonymous_4)
FNDA:1,(anonymous_5)
DA:2,1
DA:3,1
DA:4,1
DA:5,1
DA:7,1
DA:12,2
DA:13,2
DA:19,2
DA:27,0
DA:31,1
DA:36,2
DA:37,2
DA:38,1
DA:40,1
DA:44,1
DA:49,3
DA:50,3
DA:51,3
DA:52,1
DA:53,1
DA:55,1
DA:58,2
DA:59,2
DA:65,1
DA:67,2
DA:71,1
DA:76,1
DA:77,1
DA:78,1
DA:79,1
DA:87,0
DA:91,1
LF:32
LH:30
BRDA:15,0,0,0
BRDA:15,0,1,2
BRDA:16,1,0,0
BRDA:16,1,1,2
BRDA:51,2,0,1
BRF:5
BRH:3
end_of_record
TN:
SF:src/module/behavioral/behavioral.interface.ts
FNF:0
FNH:0
DA:1,1
DA:3,1
LF:2
LH:2
BRF:0
BRH:0
end_of_record
TN:
SF:src/module/behavioral/behavioral.prompts.ts
FN:1,(anonymous_0)
FNF:1
FNH:1
FNDA:2,(anonymous_0)
DA:1,2
DA:4,2
LF:2
LH:2
BRF:0
BRH:0
end_of_record
TN:
SF:src/module/behavioral/behavioral.route.ts
FNF:0
FNH:0
DA:1,1
DA:2,1
DA:3,1
DA:5,1
DA:7,1
DA:8,1
DA:9,1
DA:10,1
DA:12,1
LF:9
LH:9
BRF:0
BRH:0
end_of_record
TN:
SF:src/module/behavioral/behavioral.service.ts
FN:17,(anonymous_1)
FN:20,(anonymous_2)
FN:55,(anonymous_3)
FN:82,(anonymous_4)
FN:104,(anonymous_5)
FN:114,(anonymous_6)
FN:155,(anonymous_7)
FN:172,(anonymous_8)
FN:210,(anonymous_9)
FN:229,(anonymous_10)
FNF:10
FNH:8
FNDA:2,(anonymous_1)
FNDA:2,(anonymous_2)
FNDA:2,(anonymous_3)
FNDA:0,(anonymous_4)
FNDA:0,(anonymous_5)
FNDA:5,(anonymous_6)
FNDA:4,(anonymous_7)
FNDA:4,(anonymous_8)
FNDA:3,(anonymous_9)
FNDA:2,(anonymous_10)
DA:1,2
DA:2,2
DA:3,2
DA:4,2
DA:5,2
DA:9,2
DA:17,2
DA:18,2
DA:20,2
DA:21,2
DA:22,2
DA:24,0
DA:28,2
DA:29,2
DA:30,2
DA:33,0
DA:34,0
DA:35,0
DA:36,0
DA:38,0
DA:42,0
DA:43,0
DA:44,0
DA:45,0
DA:46,0
DA:52,0
DA:55,2
DA:60,2
DA:61,2
DA:74,0
DA:83,0
DA:89,2
DA:90,2
DA:91,2
DA:92,0
DA:105,0
DA:111,2
DA:114,2
DA:119,5
DA:120,5
DA:121,5
DA:123,5
DA:125,5
DA:140,5
DA:142,5
DA:155,2
DA:156,4
DA:165,4
DA:166,2
DA:169,2
DA:172,2
DA:177,4
DA:182,4
DA:183,2
DA:186,2
DA:191,2
DA:207,2
DA:210,2
DA:211,3
DA:229,3
DA:240,2
LF:61
LH:45
BRDA:29,0,0,2
BRDA:34,1,0,0
BRDA:44,2,0,0
BRDA:44,3,0,0
BRDA:44,3,1,0
BRDA:78,4,0,0
BRDA:78,4,1,0
BRDA:91,5,0,0
BRDA:119,6,0,5
BRDA:119,6,1,2
BRDA:120,7,0,5
BRDA:120,7,1,2
BRDA:123,8,0,2
BRDA:123,8,1,3
BRDA:140,9,0,0
BRDA:140,9,1,5
BRDA:165,10,0,2
BRDA:182,11,0,2
BRF:18
BRH:10
end_of_record
TN:
SF:src/module/cv/cv.controller.ts
FN:7,(anonymous_1)
FN:30,(anonymous_2)
FN:44,(anonymous_3)
FN:59,(anonymous_4)
FNF:4
FNH:4
FNDA:2,(anonymous_1)
FNDA:1,(anonymous_2)
FNDA:2,(anonymous_3)
FNDA:2,(anonymous_4)
DA:2,1
DA:3,1
DA:4,1
DA:7,1
DA:12,2
DA:13,2
DA:14,2
DA:15,0
DA:18,2
DA:19,2
DA:24,1
DA:26,1
DA:30,1
DA:35,1
DA:36,1
DA:37,1
DA:38,1
DA:40,0
DA:44,1
DA:49,2
DA:50,2
DA:51,2
DA:52,2
DA:53,1
DA:55,1
DA:59,1
DA:64,2
DA:65,2
DA:66,2
DA:67,2
DA:68,1
DA:70,1
DA:74,1
LF:33
LH:31
BRDA:14,0,0,0
BRF:1
BRH:0
end_of_record
TN:
SF:src/module/cv/cv.route.ts
FNF:0
FNH:0
DA:1,1
DA:2,1
DA:3,1
DA:4,1
DA:6,1
DA:12,1
DA:13,1
DA:14,1
DA:15,1
DA:17,1
LF:10
LH:10
BRF:0
BRH:0
end_of_record
TN:
SF:src/module/cv/cv.service.ts
FN:14,(anonymous_1)
FN:32,(anonymous_2)
FN:70,(anonymous_3)
FN:75,(anonymous_4)
FN:91,(anonymous_5)
FN:101,(anonymous_6)
FNF:6
FNH:5
FNDA:2,(anonymous_1)
FNDA:4,(anonymous_2)
FNDA:0,(anonymous_3)
FNDA:2,(anonymous_4)
FNDA:4,(anonymous_5)
FNDA:5,(anonymous_6)
DA:1,2
DA:2,2
DA:3,2
DA:4,2
DA:12,2
DA:14,2
DA:15,2
DA:21,2
DA:23,0
DA:24,0
DA:25,0
DA:26,0
DA:27,0
DA:32,2
DA:34,4
DA:37,4
DA:42,4
DA:46,4
DA:56,4
DA:57,4
DA:58,4
DA:59,2
DA:65,2
DA:67,2
DA:70,2
DA:71,2
DA:75,2
DA:78,2
DA:88,2
DA:91,2
DA:92,4
DA:95,4
DA:96,2
DA:98,2
DA:101,2
DA:102,5
DA:105,5
DA:106,2
DA:110,3
DA:111,3
DA:112,2
DA:115,3
DA:118,2
LF:43
LH:38
BRDA:21,0,0,2
BRDA:26,1,0,0
BRDA:42,2,0,4
BRDA:42,2,1,4
BRDA:95,3,0,2
BRDA:105,4,0,2
BRDA:111,5,0,2
BRF:7
BRH:6
end_of_record
TN:
SF:src/module/jobDescription/jobDescription.controller.ts
FN:5,(anonymous_1)
FN:23,(anonymous_2)
FN:38,(anonymous_3)
FN:56,(anonymous_4)
FN:77,(anonymous_5)
FNF:5
FNH:5
FNDA:1,(anonymous_1)
FNDA:1,(anonymous_2)
FNDA:2,(anonymous_3)
FNDA:2,(anonymous_4)
FNDA:2,(anonymous_5)
DA:2,1
DA:3,1
DA:5,1
DA:10,1
DA:11,1
DA:12,1
DA:13,1
DA:17,1
DA:19,0
DA:23,1
DA:28,1
DA:29,1
DA:31,1
DA:32,1
DA:34,0
DA:38,1
DA:43,2
DA:44,2
DA:45,2
DA:46,2
DA:50,1
DA:52,1
DA:56,1
DA:61,2
DA:62,2
DA:63,2
DA:64,2
DA:66,2
DA:71,1
DA:73,1
DA:77,1
DA:82,2
DA:83,2
DA:84,2
DA:85,2
DA:86,1
DA:88,1
DA:92,1
LF:38
LH:36
BRF:0
BRH:0
end_of_record
TN:
SF:src/module/jobDescription/jobDescription.route.ts
FNF:0
FNH:0
DA:1,1
DA:2,1
DA:3,1
DA:5,1
DA:10,1
DA:11,1
DA:12,1
DA:13,1
DA:14,1
DA:16,1
LF:10
LH:10
BRF:0
BRH:0
end_of_record
TN:
SF:src/module/jobDescription/jobDescription.service.ts
FN:11,(anonymous_1)
FN:29,(anonymous_2)
FN:51,(anonymous_3)
FN:65,(anonymous_4)
FN:97,(anonymous_5)
FNF:5
FNH:5
FNDA:3,(anonymous_1)
FNDA:3,(anonymous_2)
FNDA:4,(anonymous_3)
FNDA:4,(anonymous_4)
FNDA:4,(anonymous_5)
DA:1,2
DA:2,2
DA:11,2
DA:15,3
DA:17,3
DA:26,3
DA:29,2
DA:30,3
DA:36,3
DA:37,1
DA:40,2
DA:48,2
DA:51,2
DA:53,4
DA:59,4
DA:60,2
DA:62,2
DA:65,2
DA:70,4
DA:72,4
DA:79,4
DA:80,2
DA:83,2
DA:94,2
DA:97,2
DA:98,4
DA:105,4
DA:106,2
DA:109,2
DA:116,2
LF:30
LH:30
BRDA:22,0,0,1
BRDA:22,0,1,2
BRDA:36,1,0,1
BRDA:59,2,0,2
BRDA:79,3,0,2
BRDA:90,4,0,0
BRDA:90,4,1,2
BRDA:105,5,0,2
BRF:8
BRH:7
end_of_record
TN:
SF:src/module/notification/email.service.ts
FN:12,(anonymous_1)
FN:39,(anonymous_2)
FN:68,(anonymous_3)
FNF:3
FNH:3
FNDA:2,(anonymous_1)
FNDA:2,(anonymous_2)
FNDA:3,(anonymous_3)
DA:1,2
DA:2,2
DA:3,2
DA:4,2
DA:10,2
DA:12,2
DA:16,2
DA:20,2
DA:22,1
DA:26,1
DA:28,1
DA:36,1
DA:39,2
DA:40,2
DA:44,2
DA:46,2
DA:51,2
DA:52,2
DA:54,2
DA:61,2
DA:68,2
DA:72,3
DA:76,3
DA:78,3
DA:84,3
DA:86,2
DA:93,2
LF:27
LH:27
BRDA:10,0,0,2
BRDA:10,0,1,2
BRDA:20,1,0,1
BRDA:26,2,0,0
BRDA:44,3,0,0
BRDA:51,4,0,2
BRDA:51,4,1,0
BRDA:52,5,0,2
BRDA:52,5,1,0
BRDA:76,6,0,0
BRDA:84,7,0,1
BRF:11
BRH:6
end_of_record
TN:
SF:src/module/notification/notification.controller.ts
FN:6,(anonymous_1)
FN:22,(anonymous_2)
FNF:2
FNH:2
FNDA:2,(anonymous_1)
FNDA:2,(anonymous_2)
DA:2,1
DA:3,1
DA:4,1
DA:6,1
DA:11,2
DA:12,2
DA:13,2
DA:15,1
DA:16,1
DA:18,1
DA:22,1
DA:27,2
DA:28,2
DA:29,2
DA:31,1
DA:32,1
DA:34,1
DA:38,1
LF:18
LH:18
BRDA:13,0,0,1
BRDA:29,1,0,1
BRDA:31,2,0,1
BRDA:31,2,1,0
BRF:4
BRH:3
end_of_record
TN:
SF:src/module/notification/notification.route.ts
FNF:0
FNH:0
DA:1,1
DA:2,1
DA:3,1
DA:4,1
DA:6,1
DA:8,1
DA:14,1
DA:21,1
LF:8
LH:8
BRF:0
BRH:0
end_of_record
TN:
SF:src/module/notification/templates.ts
FN:1,(anonymous_0)
FN:6,(anonymous_1)
FN:11,(anonymous_2)
FN:39,(anonymous_3)
FN:62,(anonymous_4)
FNF:5
FNH:5
FNDA:5,(anonymous_0)
FNDA:21,(anonymous_1)
FNDA:1,(anonymous_2)
FNDA:2,(anonymous_3)
FNDA:2,(anonymous_4)
DA:1,2
DA:5,5
DA:7,21
DA:11,2
DA:18,1
DA:39,2
DA:45,2
DA:62,2
DA:68,2
LF:9
LH:9
BRF:0
BRH:0
end_of_record
TN:
SF:src/module/payment/payment.controller.ts
FN:5,(anonymous_1)
FN:15,(anonymous_2)
FN:26,(anonymous_3)
FN:36,(anonymous_4)
FNF:4
FNH:4
FNDA:1,(anonymous_1)
FNDA:1,(anonymous_2)
FNDA:1,(anonymous_3)
FNDA:1,(anonymous_4)
DA:2,1
DA:3,1
DA:5,1
DA:6,1
DA:7,1
DA:8,1
DA:9,1
DA:11,0
DA:15,1
DA:16,1
DA:17,1
DA:18,1
DA:19,1
DA:20,1
DA:22,0
DA:26,1
DA:27,1
DA:28,1
DA:29,1
DA:30,1
DA:32,0
DA:36,1
DA:37,1
DA:38,1
DA:39,1
DA:40,1
DA:42,0
DA:46,1
LF:28
LH:24
BRF:0
BRH:0
end_of_record
TN:
SF:src/module/payment/payment.route.ts
FNF:0
FNH:0
DA:1,1
DA:2,1
DA:3,1
DA:5,1
DA:7,1
DA:8,1
DA:9,1
DA:10,1
DA:12,1
LF:9
LH:9
BRF:0
BRH:0
end_of_record
TN:
SF:src/module/payment/payment.service.ts
FN:8,(anonymous_1)
FN:17,(anonymous_2)
FN:59,(anonymous_3)
FN:78,(anonymous_4)
FN:97,(anonymous_5)
FN:103,(anonymous_6)
FNF:6
FNH:6
FNDA:3,(anonymous_1)
FNDA:2,(anonymous_2)
FNDA:1,(anonymous_3)
FNDA:4,(anonymous_4)
FNDA:2,(anonymous_5)
FNDA:1,(anonymous_6)
DA:2,2
DA:3,2
DA:4,2
DA:5,2
DA:6,2
DA:8,2
DA:9,3
DA:13,3
DA:14,1
DA:17,2
DA:18,2
DA:22,2
DA:27,2
DA:29,2
DA:30,2
DA:35,2
DA:38,2
DA:53,2
DA:56,2
DA:59,2
DA:60,1
DA:62,1
DA:64,1
DA:65,1
DA:67,0
DA:68,0
DA:70,0
DA:71,0
DA:73,0
DA:74,0
DA:78,2
DA:79,4
DA:84,4
DA:85,1
DA:88,3
DA:90,3
DA:97,2
DA:98,2
DA:103,2
DA:114,2
LF:40
LH:34
BRDA:13,0,0,1
BRDA:29,1,0,2
BRDA:62,2,0,1
BRDA:62,2,1,0
BRDA:62,2,2,0
BRDA:62,2,3,0
BRDA:84,3,0,1
BRDA:88,4,0,3
BRDA:88,4,1,2
BRF:9
BRH:6
end_of_record
TN:
SF:src/module/payment/payment.utils.ts
FN:5,(anonymous_0)
FN:10,(anonymous_1)
FN:41,(anonymous_2)
FNF:3
FNH:1
FNDA:0,(anonymous_0)
FNDA:1,(anonymous_1)
FNDA:0,(anonymous_2)
DA:2,2
DA:3,2
DA:5,2
DA:6,0
DA:7,0
DA:10,2
DA:11,1
DA:12,1
DA:13,1
DA:15,1
DA:16,1
DA:17,1
DA:20,0
DA:21,0
DA:23,0
DA:28,0
DA:41,2
DA:42,0
DA:43,0
DA:49,0
DA:51,0
DA:55,0
DA:56,0
DA:57,0
DA:60,0
LF:25
LH:11
BRDA:15,0,0,1
BRDA:15,1,0,1
BRDA:15,1,1,0
BRDA:15,1,2,0
BRDA:43,2,0,0
BRDA:43,2,1,0
BRDA:43,3,0,0
BRDA:43,3,1,0
BRDA:45,4,0,0
BRDA:45,4,1,0
BRDA:55,5,0,0
BRF:11
BRH:2
end_of_record
TN:
SF:src/module/quiz/quiz.controller.ts
FN:9,(anonymous_1)
FN:39,(anonymous_2)
FN:48,(anonymous_3)
FN:70,(anonymous_4)
FN:84,(anonymous_5)
FNF:5
FNH:3
FNDA:4,(anonymous_1)
FNDA:4,(anonymous_2)
FNDA:2,(anonymous_3)
FNDA:0,(anonymous_4)
FNDA:0,(anonymous_5)
DA:2,1
DA:3,1
DA:4,1
DA:5,1
DA:9,1
DA:14,4
DA:15,4
DA:26,4
DA:27,4
DA:35,0
DA:39,1
DA:44,4
DA:45,4
DA:46,4
DA:47,2
DA:48,2
DA:50,2
DA:53,2
DA:54,2
DA:56,2
DA:66,2
DA:70,1
DA:75,0
DA:76,0
DA:77,0
DA:78,0
DA:80,0
DA:84,1
DA:89,0
DA:90,0
DA:91,0
DA:92,0
DA:100,0
DA:104,1
LF:34
LH:23
BRDA:22,0,0,0
BRDA:22,0,1,4
BRDA:23,1,0,0
BRDA:23,1,1,4
BRDA:46,2,0,2
BRDA:60,3,0,1
BRDA:60,3,1,1
BRF:7
BRH:5
end_of_record
TN:
SF:src/module/quiz/quiz.interface.ts
FN:20,(anonymous_0)
FNF:1
FNH:1
FNDA:3,(anonymous_0)
DA:1,1
DA:17,1
DA:20,3
LF:3
LH:3
BRF:0
BRH:0
end_of_record
TN:
SF:src/module/quiz/quiz.route.ts
FNF:0
FNH:0
DA:1,1
DA:2,1
DA:3,1
DA:5,1
DA:7,1
DA:8,1
DA:9,1
DA:10,1
DA:12,1
LF:9
LH:9
BRF:0
BRH:0
end_of_record
TN:
SF:src/module/quiz/quiz.service.ts
FN:21,(anonymous_1)
FN:36,(anonymous_2)
FN:107,(anonymous_3)
FN:150,(anonymous_4)
FN:162,(anonymous_5)
FN:190,(anonymous_6)
FNF:6
FNH:6
FNDA:30,(anonymous_1)
FNDA:11,(anonymous_2)
FNDA:5,(anonymous_3)
FNDA:3,(anonymous_4)
FNDA:8,(anonymous_5)
FNDA:2,(anonymous_6)
DA:1,2
DA:2,2
DA:12,2
DA:21,2
DA:27,30
DA:36,2
DA:39,11
DA:42,11
DA:46,1
DA:53,10
DA:54,1
DA:60,9
DA:61,9
DA:62,9
DA:63,9
DA:68,9
DA:85,9
DA:88,9
DA:89,9
DA:90,21
DA:91,21
DA:94,9
DA:107,2
DA:111,5
DA:113,5
DA:118,5
DA:119,1
DA:122,4
DA:124,4
DA:140,4
DA:150,2
DA:151,3
DA:161,3
DA:162,8
DA:163,3
DA:165,3
DA:169,3
DA:175,3
DA:176,8
DA:177,8
DA:178,8
DA:181,3
DA:190,2
DA:191,2
DA:211,2
DA:214,2
LF:46
LH:46
BRDA:39,0,0,0
BRDA:39,1,0,0
BRDA:42,2,0,1
BRDA:43,3,0,11
BRDA:43,3,1,3
BRDA:53,4,0,1
BRDA:53,5,0,10
BRDA:53,5,1,3
BRDA:60,6,0,9
BRDA:60,6,1,0
BRDA:61,7,0,9
BRDA:61,7,1,0
BRDA:64,8,0,2
BRDA:64,8,1,7
BRDA:65,9,0,2
BRDA:65,9,1,7
BRDA:85,10,0,0
BRDA:85,10,1,9
BRDA:118,11,0,1
BRDA:165,12,0,1
BRDA:165,12,1,2
BRDA:178,13,0,5
BRF:22
BRH:17
end_of_record
TN:
SF:src/module/readiness/readiness.controller.ts
FN:5,(anonymous_1)
FN:19,(anonymous_2)
FNF:2
FNH:2
FNDA:2,(anonymous_1)
FNDA:2,(anonymous_2)
DA:2,1
DA:3,1
DA:5,1
DA:10,2
DA:11,2
DA:12,2
DA:13,2
DA:15,0
DA:19,1
DA:24,2
DA:25,2
DA:26,2
DA:27,2
DA:35,0
DA:39,1
LF:15
LH:13
BRF:0
BRH:0
end_of_record
TN:
SF:src/module/readiness/readiness.route.ts
FNF:0
FNH:0
DA:1,1
DA:2,1
DA:3,1
DA:5,1
DA:7,1
DA:8,1
DA:10,1
LF:7
LH:7
BRF:0
BRH:0
end_of_record
TN:
SF:src/module/readiness/readiness.service.ts
FN:4,(anonymous_0)
FN:13,(anonymous_1)
FN:27,(anonymous_2)
FN:31,(anonymous_3)
FN:51,(anonymous_4)
FN:65,(anonymous_5)
FN:72,(anonymous_6)
FN:78,(anonymous_7)
FN:110,(anonymous_8)
FNF:9
FNH:9
FNDA:8,(anonymous_0)
FNDA:8,(anonymous_1)
FNDA:18,(anonymous_2)
FNDA:8,(anonymous_3)
FNDA:15,(anonymous_4)
FNDA:10,(anonymous_5)
FNDA:10,(anonymous_6)
FNDA:8,(anonymous_7)
FNDA:4,(anonymous_8)
DA:1,2
DA:4,2
DA:5,8
DA:10,8
DA:13,2
DA:14,8
DA:18,8
DA:20,6
DA:25,6
DA:27,18
DA:28,6
DA:31,2
DA:32,8
DA:43,8
DA:48,8
DA:50,8
DA:51,15
DA:52,5
DA:53,5
DA:56,8
DA:57,5
DA:58,5
DA:59,10
DA:60,10
DA:61,10
DA:64,5
DA:65,10
DA:66,5
DA:67,5
DA:71,8
DA:72,10
DA:75,8
DA:78,2
DA:79,8
DA:85,8
DA:89,8
DA:99,8
DA:110,2
DA:111,4
DA:124,4
DA:127,2
LF:41
LH:41
BRDA:10,0,0,8
BRDA:10,0,1,2
BRDA:18,1,0,2
BRDA:25,2,0,0
BRDA:50,3,0,5
BRDA:56,4,0,5
BRDA:60,5,0,10
BRDA:60,6,0,10
BRDA:60,6,1,10
BRDA:64,7,0,5
BRDA:71,8,0,6
BRDA:71,8,1,2
BRF:12
BRH:11
end_of_record
TN:
SF:src/module/roadmap/roadmap.controller.ts
FN:9,(anonymous_1)
FN:24,(anonymous_2)
FN:38,(anonymous_3)
FN:53,(anonymous_4)
FN:68,(anonymous_5)
FN:88,(anonymous_6)
FNF:6
FNH:6
FNDA:2,(anonymous_1)
FNDA:1,(anonymous_2)
FNDA:2,(anonymous_3)
FNDA:1,(anonymous_4)
FNDA:1,(anonymous_5)
FNDA:1,(anonymous_6)
DA:2,1
DA:3,1
DA:9,1
DA:14,2
DA:15,2
DA:16,2
DA:17,2
DA:18,1
DA:20,1
DA:24,1
DA:29,1
DA:30,1
DA:31,1
DA:32,1
DA:34,0
DA:38,1
DA:43,2
DA:44,2
DA:45,2
DA:46,2
DA:47,1
DA:49,1
DA:53,1
DA:58,1
DA:59,1
DA:60,1
DA:61,1
DA:62,1
DA:64,0
DA:68,1
DA:73,1
DA:74,1
DA:75,1
DA:76,1
DA:77,1
DA:82,1
DA:84,0
DA:88,1
DA:93,1
DA:94,1
DA:95,1
DA:96,1
DA:97,1
DA:99,0
DA:103,1
LF:45
LH:41
BRF:0
BRH:0
end_of_record
TN:
SF:src/module/roadmap/roadmap.interface.ts
FNF:0
FNH:0
DA:1,2
DA:12,2
DA:18,2
DA:25,2
LF:4
LH:4
BRF:0
BRH:0
end_of_record
TN:
SF:src/module/roadmap/roadmap.prompt.ts
FN:10,(anonymous_0)
FN:50,(anonymous_1)
FNF:2
FNH:1
FNDA:0,(anonymous_0)
FNDA:2,(anonymous_1)
DA:10,2
DA:17,0
DA:19,0
DA:50,2
DA:54,2
DA:55,2
LF:6
LH:4
BRF:0
BRH:0
end_of_record
TN:
SF:src/module/roadmap/roadmap.route.ts
FNF:0
FNH:0
DA:1,1
DA:2,1
DA:3,1
DA:5,1
DA:7,1
DA:8,1
DA:9,1
DA:10,1
DA:11,1
DA:12,1
DA:14,1
LF:11
LH:11
BRF:0
BRH:0
end_of_record
TN:
SF:src/module/roadmap/roadmap.service.ts
FN:17,(anonymous_1)
FN:49,(anonymous_2)
FN:52,(anonymous_3)
FN:58,(anonymous_4)
FN:75,(anonymous_5)
FN:79,(anonymous_6)
FN:88,(anonymous_7)
FN:88,(anonymous_8)
FN:90,(anonymous_9)
FN:114,(anonymous_10)
FN:140,(anonymous_11)
FN:162,(anonymous_12)
FN:173,(anonymous_13)
FN:190,(anonymous_14)
FN:199,(anonymous_15)
FN:242,(anonymous_16)
FN:275,(anonymous_17)
FN:283,(anonymous_18)
FN:290,(anonymous_19)
FN:307,(anonymous_20)
FN:322,(anonymous_21)
FN:339,(anonymous_22)
FN:367,(anonymous_23)
FN:387,(anonymous_24)
FNF:24
FNH:17
FNDA:2,(anonymous_1)
FNDA:2,(anonymous_2)
FNDA:2,(anonymous_3)
FNDA:0,(anonymous_4)
FNDA:0,(anonymous_5)
FNDA:0,(anonymous_6)
FNDA:0,(anonymous_7)
FNDA:0,(anonymous_8)
FNDA:2,(anonymous_9)
FNDA:2,(anonymous_10)
FNDA:0,(anonymous_11)
FNDA:0,(anonymous_12)
FNDA:2,(anonymous_13)
FNDA:2,(anonymous_14)
FNDA:2,(anonymous_15)
FNDA:6,(anonymous_16)
FNDA:2,(anonymous_17)
FNDA:4,(anonymous_18)
FNDA:10,(anonymous_19)
FNDA:2,(anonymous_20)
FNDA:4,(anonymous_21)
FNDA:4,(anonymous_22)
FNDA:3,(anonymous_23)
FNDA:3,(anonymous_24)
DA:1,2
DA:2,2
DA:3,2
DA:4,2
DA:5,2
DA:6,2
DA:7,2
DA:14,2
DA:17,2
DA:18,2
DA:20,2
DA:21,2
DA:26,0
DA:27,0
DA:28,0
DA:29,0
DA:35,0
DA:36,0
DA:37,0
DA:38,0
DA:39,0
DA:45,0
DA:49,2
DA:52,2
DA:53,2
DA:55,2
DA:56,2
DA:58,0
DA:60,0
DA:61,0
DA:62,0
DA:63,0
DA:68,0
DA:75,0
DA:81,0
DA:85,2
DA:86,2
DA:88,2
DA:90,2
DA:94,2
DA:95,2
DA:98,0
DA:100,0
DA:101,0
DA:103,0
DA:104,0
DA:107,0
DA:108,0
DA:111,0
DA:114,2
DA:121,2
DA:126,2
DA:127,2
DA:132,0
DA:141,0
DA:147,2
DA:148,2
DA:149,2
DA:150,0
DA:163,0
DA:169,2
DA:173,2
DA:177,2
DA:179,0
DA:180,0
DA:183,0
DA:185,0
DA:186,0
DA:190,2
DA:191,2
DA:192,2
DA:193,2
DA:194,2
DA:195,2
DA:199,2
DA:200,2
DA:201,2
DA:203,2
DA:207,2
DA:210,2
DA:213,2
DA:214,2
DA:215,0
DA:216,0
DA:217,0
DA:218,0
DA:220,0
DA:223,2
DA:225,2
DA:242,2
DA:246,6
DA:248,6
DA:249,3
DA:253,3
DA:257,3
DA:258,1
DA:262,2
DA:264,2
DA:269,2
DA:276,2
DA:277,2
DA:283,4
DA:290,10
DA:304,2
DA:307,2
DA:308,2
DA:319,2
DA:322,2
DA:323,4
DA:332,4
DA:333,2
DA:335,2
DA:339,2
DA:344,4
DA:350,4
DA:351,1
DA:353,3
DA:354,1
DA:357,2
DA:362,2
DA:364,2
DA:367,2
DA:372,3
DA:376,3
DA:377,1
DA:380,2
DA:384,2
DA:387,2
DA:388,3
DA:392,3
DA:393,1
DA:395,2
DA:398,2
LF:133
LH:93
BRDA:27,0,0,0
BRDA:37,1,0,0
BRDA:37,2,0,0
BRDA:37,2,1,0
BRDA:53,3,0,0
BRDA:56,4,0,2
BRDA:62,5,0,0
BRDA:94,6,0,2
BRDA:103,7,0,0
BRDA:121,8,0,2
BRDA:121,8,1,0
BRDA:121,9,0,2
BRDA:121,9,1,2
BRDA:136,10,0,0
BRDA:136,10,1,0
BRDA:149,11,0,0
BRDA:175,12,0,2
BRDA:177,13,0,2
BRDA:183,14,0,0
BRDA:207,15,0,0
BRDA:207,15,1,2
BRDA:210,16,0,0
BRDA:213,17,0,2
BRDA:213,17,1,0
BRDA:213,18,0,2
BRDA:213,18,1,0
BRDA:215,19,0,0
BRDA:215,19,1,0
BRDA:217,20,0,0
BRDA:217,20,1,0
BRDA:223,21,0,2
BRDA:223,21,1,2
BRDA:248,22,0,3
BRDA:257,23,0,1
BRDA:262,24,0,2
BRDA:262,24,1,2
BRDA:332,25,0,2
BRDA:350,26,0,1
BRDA:353,27,0,1
BRDA:376,28,0,1
BRDA:392,29,0,1
BRF:41
BRH:21
end_of_record
TN:
SF:src/module/user/user.controller.ts
FN:6,(anonymous_1)
FN:16,(anonymous_2)
FN:27,(anonymous_3)
FN:41,(anonymous_4)
FN:57,(anonymous_5)
FN:71,(anonymous_6)
FNF:6
FNH:4
FNDA:2,(anonymous_1)
FNDA:0,(anonymous_2)
FNDA:2,(anonymous_3)
FNDA:2,(anonymous_4)
FNDA:2,(anonymous_5)
FNDA:0,(anonymous_6)
DA:2,1
DA:3,1
DA:6,1
DA:7,2
DA:8,2
DA:9,2
DA:10,2
DA:12,0
DA:16,1
DA:17,0
DA:19,0
DA:20,0
DA:21,0
DA:23,0
DA:27,1
DA:32,2
DA:33,2
DA:34,2
DA:35,1
DA:37,1
DA:41,1
DA:46,2
DA:47,2
DA:48,2
DA:49,2
DA:50,1
DA:53,1
DA:57,1
DA:62,2
DA:63,2
DA:64,2
DA:65,1
DA:67,1
DA:71,1
DA:72,0
DA:73,0
DA:74,0
DA:75,0
DA:77,0
DA:81,1
LF:40
LH:29
BRDA:19,0,0,0
BRDA:19,0,1,0
BRF:2
BRH:0
end_of_record
TN:
SF:src/module/user/user.route.ts
FNF:0
FNH:0
DA:1,1
DA:2,1
DA:3,1
DA:4,1
DA:6,1
DA:8,1
DA:9,1
DA:10,1
DA:11,1
DA:12,1
DA:13,1
DA:15,1
LF:12
LH:12
BRF:0
BRH:0
end_of_record
TN:
SF:src/module/user/user.service.ts
FN:6,(anonymous_1)
FN:32,(anonymous_2)
FN:43,(anonymous_3)
FN:55,(anonymous_4)
FN:83,(anonymous_5)
FN:101,(anonymous_6)
FNF:6
FNH:6
FNDA:4,(anonymous_1)
FNDA:2,(anonymous_2)
FNDA:4,(anonymous_3)
FNDA:4,(anonymous_4)
FNDA:4,(anonymous_5)
FNDA:1,(anonymous_6)
DA:2,2
DA:3,2
DA:6,2
DA:7,4
DA:9,4
DA:15,4
DA:16,2
DA:19,2
DA:29,2
DA:32,2
DA:33,2
DA:40,2
DA:43,2
DA:44,4
DA:49,4
DA:50,2
DA:52,2
DA:55,2
DA:59,4
DA:60,4
DA:66,4
DA:67,2
DA:70,2
DA:83,2
DA:84,4
DA:90,4
DA:91,2
DA:94,2
DA:101,2
DA:102,1
DA:110,1
DA:113,2
LF:32
LH:32
BRDA:15,0,0,2
BRDA:49,1,0,2
BRDA:66,2,0,2
BRDA:90,3,0,2
BRF:4
BRH:4
end_of_record
TN:
SF:src/utils/AppError.ts
FN:4,(anonymous_0)
FNF:1
FNH:1
FNDA:62,(anonymous_0)
DA:5,62
DA:6,62
DA:10,19
LF:3
LH:3
BRF:0
BRH:0
end_of_record
TN:
SF:src/utils/sendResponse.ts
FN:3,(anonymous_0)
FNF:1
FNH:1
FNDA:67,(anonymous_0)
DA:3,15
DA:11,67
DA:19,15
LF:3
LH:3
BRDA:13,0,0,67
BRDA:13,0,1,67
BRDA:14,1,0,67
BRDA:14,1,1,40
BRDA:15,2,0,67
BRDA:15,2,1,0
BRF:6
BRH:5
end_of_record
TN:
SF:tests/utils/createTestApp.ts
FN:4,(anonymous_1)
FN:11,(anonymous_2)
FNF:2
FNH:2
FNDA:11,(anonymous_1)
FNDA:71,(anonymous_2)
DA:1,11
DA:4,11
DA:8,11
DA:9,11
DA:11,11
DA:12,71
DA:18,71
DA:21,11
DA:22,11
LF:9
LH:9
BRF:0
BRH:0
end_of_record
TN:
SF:tests/utils/fixtures.ts
FNF:0
FNH:0
DA:1,8
DA:12,8
DA:26,8
DA:56,8
DA:65,8
LF:5
LH:5
BRF:0
BRH:0
end_of_record
